WARNING - 2026-01-23 14:34:55 --> [DEPRECATED] Creation of dynamic property ProjectAnalizer\Controllers\ProjectAnalizer::$Project_settings_model is deprecated in FCPATH/plugins/ProjectAnalizer/Controllers/ProjectAnalizer.php on line 14.
 1 SYSTEMPATH/CodeIgniter.php(903): ProjectAnalizer\Controllers\ProjectAnalizer->__construct()
 2 SYSTEMPATH/CodeIgniter.php(498): CodeIgniter\CodeIgniter->createController()
 3 SYSTEMPATH/CodeIgniter.php(354): CodeIgniter\CodeIgniter->handleRequest(null, Object(Config\Cache), false)
 4 SYSTEMPATH/Boot.php(334): CodeIgniter\CodeIgniter->run()
 5 SYSTEMPATH/Boot.php(67): CodeIgniter\Boot::runCodeIgniter(Object(CodeIgniter\CodeIgniter))
 6 FCPATH/index.php(75): CodeIgniter\Boot::bootWeb(Object(Config\Paths))
WARNING - 2026-01-23 14:34:55 --> [DEPRECATED] Creation of dynamic property ProjectAnalizer\Controllers\ProjectAnalizer::$Task_priority_model is deprecated in FCPATH/plugins/ProjectAnalizer/Controllers/ProjectAnalizer.php on line 15.
 1 SYSTEMPATH/CodeIgniter.php(903): ProjectAnalizer\Controllers\ProjectAnalizer->__construct()
 2 SYSTEMPATH/CodeIgniter.php(498): CodeIgniter\CodeIgniter->createController()
 3 SYSTEMPATH/CodeIgniter.php(354): CodeIgniter\CodeIgniter->handleRequest(null, Object(Config\Cache), false)
 4 SYSTEMPATH/Boot.php(334): CodeIgniter\CodeIgniter->run()
 5 SYSTEMPATH/Boot.php(67): CodeIgniter\Boot::runCodeIgniter(Object(CodeIgniter\CodeIgniter))
 6 FCPATH/index.php(75): CodeIgniter\Boot::bootWeb(Object(Config\Paths))
WARNING - 2026-01-23 14:34:55 --> [DEPRECATED] Creation of dynamic property ProjectAnalizer\Controllers\ProjectAnalizer::$Checklist_items_model is deprecated in FCPATH/plugins/ProjectAnalizer/Controllers/ProjectAnalizer.php on line 16.
 1 SYSTEMPATH/CodeIgniter.php(903): ProjectAnalizer\Controllers\ProjectAnalizer->__construct()
 2 SYSTEMPATH/CodeIgniter.php(498): CodeIgniter\CodeIgniter->createController()
 3 SYSTEMPATH/CodeIgniter.php(354): CodeIgniter\CodeIgniter->handleRequest(null, Object(Config\Cache), false)
 4 SYSTEMPATH/Boot.php(334): CodeIgniter\CodeIgniter->run()
 5 SYSTEMPATH/Boot.php(67): CodeIgniter\Boot::runCodeIgniter(Object(CodeIgniter\CodeIgniter))
 6 FCPATH/index.php(75): CodeIgniter\Boot::bootWeb(Object(Config\Paths))
WARNING - 2026-01-23 14:34:55 --> [DEPRECATED] Creation of dynamic property ProjectAnalizer\Controllers\ProjectAnalizer::$Pin_comments_model is deprecated in FCPATH/plugins/ProjectAnalizer/Controllers/ProjectAnalizer.php on line 17.
 1 SYSTEMPATH/CodeIgniter.php(903): ProjectAnalizer\Controllers\ProjectAnalizer->__construct()
 2 SYSTEMPATH/CodeIgniter.php(498): CodeIgniter\CodeIgniter->createController()
 3 SYSTEMPATH/CodeIgniter.php(354): CodeIgniter\CodeIgniter->handleRequest(null, Object(Config\Cache), false)
 4 SYSTEMPATH/Boot.php(334): CodeIgniter\CodeIgniter->run()
 5 SYSTEMPATH/Boot.php(67): CodeIgniter\Boot::runCodeIgniter(Object(CodeIgniter\CodeIgniter))
 6 FCPATH/index.php(75): CodeIgniter\Boot::bootWeb(Object(Config\Paths))
WARNING - 2026-01-23 18:56:56 --> [DEPRECATED] Creation of dynamic property ProjectAnalizer\Controllers\ProjectAnalizer::$Project_settings_model is deprecated in FCPATH/plugins/ProjectAnalizer/Controllers/ProjectAnalizer.php on line 14.
 1 SYSTEMPATH/CodeIgniter.php(903): ProjectAnalizer\Controllers\ProjectAnalizer->__construct()
 2 SYSTEMPATH/CodeIgniter.php(498): CodeIgniter\CodeIgniter->createController()
 3 SYSTEMPATH/CodeIgniter.php(354): CodeIgniter\CodeIgniter->handleRequest(null, Object(Config\Cache), false)
 4 SYSTEMPATH/Boot.php(334): CodeIgniter\CodeIgniter->run()
 5 SYSTEMPATH/Boot.php(67): CodeIgniter\Boot::runCodeIgniter(Object(CodeIgniter\CodeIgniter))
 6 FCPATH/index.php(75): CodeIgniter\Boot::bootWeb(Object(Config\Paths))
WARNING - 2026-01-23 18:56:56 --> [DEPRECATED] Creation of dynamic property ProjectAnalizer\Controllers\ProjectAnalizer::$Task_priority_model is deprecated in FCPATH/plugins/ProjectAnalizer/Controllers/ProjectAnalizer.php on line 15.
 1 SYSTEMPATH/CodeIgniter.php(903): ProjectAnalizer\Controllers\ProjectAnalizer->__construct()
 2 SYSTEMPATH/CodeIgniter.php(498): CodeIgniter\CodeIgniter->createController()
 3 SYSTEMPATH/CodeIgniter.php(354): CodeIgniter\CodeIgniter->handleRequest(null, Object(Config\Cache), false)
 4 SYSTEMPATH/Boot.php(334): CodeIgniter\CodeIgniter->run()
 5 SYSTEMPATH/Boot.php(67): CodeIgniter\Boot::runCodeIgniter(Object(CodeIgniter\CodeIgniter))
 6 FCPATH/index.php(75): CodeIgniter\Boot::bootWeb(Object(Config\Paths))
WARNING - 2026-01-23 18:56:56 --> [DEPRECATED] Creation of dynamic property ProjectAnalizer\Controllers\ProjectAnalizer::$Checklist_items_model is deprecated in FCPATH/plugins/ProjectAnalizer/Controllers/ProjectAnalizer.php on line 16.
 1 SYSTEMPATH/CodeIgniter.php(903): ProjectAnalizer\Controllers\ProjectAnalizer->__construct()
 2 SYSTEMPATH/CodeIgniter.php(498): CodeIgniter\CodeIgniter->createController()
 3 SYSTEMPATH/CodeIgniter.php(354): CodeIgniter\CodeIgniter->handleRequest(null, Object(Config\Cache), false)
 4 SYSTEMPATH/Boot.php(334): CodeIgniter\CodeIgniter->run()
 5 SYSTEMPATH/Boot.php(67): CodeIgniter\Boot::runCodeIgniter(Object(CodeIgniter\CodeIgniter))
 6 FCPATH/index.php(75): CodeIgniter\Boot::bootWeb(Object(Config\Paths))
WARNING - 2026-01-23 18:56:56 --> [DEPRECATED] Creation of dynamic property ProjectAnalizer\Controllers\ProjectAnalizer::$Pin_comments_model is deprecated in FCPATH/plugins/ProjectAnalizer/Controllers/ProjectAnalizer.php on line 17.
 1 SYSTEMPATH/CodeIgniter.php(903): ProjectAnalizer\Controllers\ProjectAnalizer->__construct()
 2 SYSTEMPATH/CodeIgniter.php(498): CodeIgniter\CodeIgniter->createController()
 3 SYSTEMPATH/CodeIgniter.php(354): CodeIgniter\CodeIgniter->handleRequest(null, Object(Config\Cache), false)
 4 SYSTEMPATH/Boot.php(334): CodeIgniter\CodeIgniter->run()
 5 SYSTEMPATH/Boot.php(67): CodeIgniter\Boot::runCodeIgniter(Object(CodeIgniter\CodeIgniter))
 6 FCPATH/index.php(75): CodeIgniter\Boot::bootWeb(Object(Config\Paths))
WARNING - 2026-01-23 18:56:56 --> [DEPRECATED] Creation of dynamic property ProjectAnalizer\Controllers\ProjectAnalizer::$Project_settings_model is deprecated in FCPATH/plugins/ProjectAnalizer/Controllers/ProjectAnalizer.php on line 14.
 1 SYSTEMPATH/CodeIgniter.php(903): ProjectAnalizer\Controllers\ProjectAnalizer->__construct()
 2 SYSTEMPATH/CodeIgniter.php(498): CodeIgniter\CodeIgniter->createController()
 3 SYSTEMPATH/CodeIgniter.php(354): CodeIgniter\CodeIgniter->handleRequest(null, Object(Config\Cache), false)
 4 SYSTEMPATH/Boot.php(334): CodeIgniter\CodeIgniter->run()
 5 SYSTEMPATH/Boot.php(67): CodeIgniter\Boot::runCodeIgniter(Object(CodeIgniter\CodeIgniter))
 6 FCPATH/index.php(75): CodeIgniter\Boot::bootWeb(Object(Config\Paths))
WARNING - 2026-01-23 18:56:56 --> [DEPRECATED] Creation of dynamic property ProjectAnalizer\Controllers\ProjectAnalizer::$Task_priority_model is deprecated in FCPATH/plugins/ProjectAnalizer/Controllers/ProjectAnalizer.php on line 15.
 1 SYSTEMPATH/CodeIgniter.php(903): ProjectAnalizer\Controllers\ProjectAnalizer->__construct()
 2 SYSTEMPATH/CodeIgniter.php(498): CodeIgniter\CodeIgniter->createController()
 3 SYSTEMPATH/CodeIgniter.php(354): CodeIgniter\CodeIgniter->handleRequest(null, Object(Config\Cache), false)
 4 SYSTEMPATH/Boot.php(334): CodeIgniter\CodeIgniter->run()
 5 SYSTEMPATH/Boot.php(67): CodeIgniter\Boot::runCodeIgniter(Object(CodeIgniter\CodeIgniter))
 6 FCPATH/index.php(75): CodeIgniter\Boot::bootWeb(Object(Config\Paths))
WARNING - 2026-01-23 18:56:56 --> [DEPRECATED] Creation of dynamic property ProjectAnalizer\Controllers\ProjectAnalizer::$Checklist_items_model is deprecated in FCPATH/plugins/ProjectAnalizer/Controllers/ProjectAnalizer.php on line 16.
 1 SYSTEMPATH/CodeIgniter.php(903): ProjectAnalizer\Controllers\ProjectAnalizer->__construct()
 2 SYSTEMPATH/CodeIgniter.php(498): CodeIgniter\CodeIgniter->createController()
 3 SYSTEMPATH/CodeIgniter.php(354): CodeIgniter\CodeIgniter->handleRequest(null, Object(Config\Cache), false)
 4 SYSTEMPATH/Boot.php(334): CodeIgniter\CodeIgniter->run()
 5 SYSTEMPATH/Boot.php(67): CodeIgniter\Boot::runCodeIgniter(Object(CodeIgniter\CodeIgniter))
 6 FCPATH/index.php(75): CodeIgniter\Boot::bootWeb(Object(Config\Paths))
WARNING - 2026-01-23 18:56:56 --> [DEPRECATED] Creation of dynamic property ProjectAnalizer\Controllers\ProjectAnalizer::$Pin_comments_model is deprecated in FCPATH/plugins/ProjectAnalizer/Controllers/ProjectAnalizer.php on line 17.
 1 SYSTEMPATH/CodeIgniter.php(903): ProjectAnalizer\Controllers\ProjectAnalizer->__construct()
 2 SYSTEMPATH/CodeIgniter.php(498): CodeIgniter\CodeIgniter->createController()
 3 SYSTEMPATH/CodeIgniter.php(354): CodeIgniter\CodeIgniter->handleRequest(null, Object(Config\Cache), false)
 4 SYSTEMPATH/Boot.php(334): CodeIgniter\CodeIgniter->run()
 5 SYSTEMPATH/Boot.php(67): CodeIgniter\Boot::runCodeIgniter(Object(CodeIgniter\CodeIgniter))
 6 FCPATH/index.php(75): CodeIgniter\Boot::bootWeb(Object(Config\Paths))
ERROR - 2026-01-23 18:56:56 --> mysqli_sql_exception: Table 'alfahp79_intranet.team_activities' doesn't exist in /home2/alfahp79/intranet.alfahp.com.br/system/Database/MySQLi/Connection.php:327
Stack trace:
#0 /home2/alfahp79/intranet.alfahp.com.br/system/Database/MySQLi/Connection.php(327): mysqli->query('SHOW COLUMNS FR...', 0)
#1 /home2/alfahp79/intranet.alfahp.com.br/system/Database/BaseConnection.php(738): CodeIgniter\Database\MySQLi\Connection->execute('SHOW COLUMNS FR...')
#2 /home2/alfahp79/intranet.alfahp.com.br/system/Database/BaseConnection.php(652): CodeIgniter\Database\BaseConnection->simpleQuery('SHOW COLUMNS FR...')
#3 /home2/alfahp79/intranet.alfahp.com.br/system/Database/BaseConnection.php(1606): CodeIgniter\Database\BaseConnection->query('SHOW COLUMNS FR...')
#4 /home2/alfahp79/intranet.alfahp.com.br/system/Database/BaseConnection.php(1634): CodeIgniter\Database\BaseConnection->getFieldNames('team_activities')
#5 /home2/alfahp79/intranet.alfahp.com.br/plugins/ProjectAnalizer/Controllers/ProjectAnalizer.php(2802): CodeIgniter\Database\BaseConnection->fieldExists('deleted', 'team_activities')
#6 /home2/alfahp79/intranet.alfahp.com.br/plugins/ProjectAnalizer/Controllers/ProjectAnalizer.php(2860): ProjectAnalizer\Controllers\ProjectAnalizer->_get_milestone_task_progress('2')
#7 /home2/alfahp79/intranet.alfahp.com.br/plugins/ProjectAnalizer/Controllers/ProjectAnalizer.php(1223): ProjectAnalizer\Controllers\ProjectAnalizer->_make_etapa_row(Object(stdClass))
#8 /home2/alfahp79/intranet.alfahp.com.br/system/CodeIgniter.php(933): ProjectAnalizer\Controllers\ProjectAnalizer->etapas_list_data('2')
#9 /home2/alfahp79/intranet.alfahp.com.br/system/CodeIgniter.php(507): CodeIgniter\CodeIgniter->runController(Object(ProjectAnalizer\Controllers\ProjectAnalizer))
#10 /home2/alfahp79/intranet.alfahp.com.br/system/CodeIgniter.php(354): CodeIgniter\CodeIgniter->handleRequest(NULL, Object(Config\Cache), false)
#11 /home2/alfahp79/intranet.alfahp.com.br/system/Boot.php(334): CodeIgniter\CodeIgniter->run()
#12 /home2/alfahp79/intranet.alfahp.com.br/system/Boot.php(67): CodeIgniter\Boot::runCodeIgniter(Object(CodeIgniter\CodeIgniter))
#13 /home2/alfahp79/intranet.alfahp.com.br/index.php(75): CodeIgniter\Boot::bootWeb(Object(Config\Paths))
#14 {main}
CRITICAL - 2026-01-23 18:56:56 --> Error: Call to a member function getResultArray() on false
[Method: POST, Route: projectanalizer/etapas_list_data/2]
in SYSTEMPATH/Database/BaseConnection.php on line 1610.
 1 SYSTEMPATH/Database/BaseConnection.php(1634): CodeIgniter\Database\BaseConnection->getFieldNames('team_activities')
 2 FCPATH/plugins/ProjectAnalizer/Controllers/ProjectAnalizer.php(2802): CodeIgniter\Database\BaseConnection->fieldExists('deleted', 'team_activities')
 3 FCPATH/plugins/ProjectAnalizer/Controllers/ProjectAnalizer.php(2860): ProjectAnalizer\Controllers\ProjectAnalizer->_get_milestone_task_progress('2')
 4 FCPATH/plugins/ProjectAnalizer/Controllers/ProjectAnalizer.php(1223): ProjectAnalizer\Controllers\ProjectAnalizer->_make_etapa_row(Object(stdClass))
 5 SYSTEMPATH/CodeIgniter.php(933): ProjectAnalizer\Controllers\ProjectAnalizer->etapas_list_data('2')
 6 SYSTEMPATH/CodeIgniter.php(507): CodeIgniter\CodeIgniter->runController(Object(ProjectAnalizer\Controllers\ProjectAnalizer))
 7 SYSTEMPATH/CodeIgniter.php(354): CodeIgniter\CodeIgniter->handleRequest(null, Object(Config\Cache), false)
 8 SYSTEMPATH/Boot.php(334): CodeIgniter\CodeIgniter->run()
 9 SYSTEMPATH/Boot.php(67): CodeIgniter\Boot::runCodeIgniter(Object(CodeIgniter\CodeIgniter))
10 FCPATH/index.php(75): CodeIgniter\Boot::bootWeb(Object(Config\Paths))
