WARNING - 2026-03-24 11:14:11 --> [DEPRECATED] Creation of dynamic property ProjectAnalizer\Controllers\ProjectAnalizer::$Project_settings_model is deprecated in FCPATH/plugins/ProjectAnalizer/Controllers/ProjectAnalizer.php on line 16.
 1 SYSTEMPATH/CodeIgniter.php(903): ProjectAnalizer\Controllers\ProjectAnalizer->__construct()
 2 SYSTEMPATH/CodeIgniter.php(498): CodeIgniter\CodeIgniter->createController()
 3 SYSTEMPATH/CodeIgniter.php(354): CodeIgniter\CodeIgniter->handleRequest(null, Object(Config\Cache), false)
 4 SYSTEMPATH/Boot.php(334): CodeIgniter\CodeIgniter->run()
 5 SYSTEMPATH/Boot.php(67): CodeIgniter\Boot::runCodeIgniter(Object(CodeIgniter\CodeIgniter))
 6 FCPATH/index.php(75): CodeIgniter\Boot::bootWeb(Object(Config\Paths))
WARNING - 2026-03-24 11:14:11 --> [DEPRECATED] Creation of dynamic property ProjectAnalizer\Controllers\ProjectAnalizer::$Task_priority_model is deprecated in FCPATH/plugins/ProjectAnalizer/Controllers/ProjectAnalizer.php on line 17.
 1 SYSTEMPATH/CodeIgniter.php(903): ProjectAnalizer\Controllers\ProjectAnalizer->__construct()
 2 SYSTEMPATH/CodeIgniter.php(498): CodeIgniter\CodeIgniter->createController()
 3 SYSTEMPATH/CodeIgniter.php(354): CodeIgniter\CodeIgniter->handleRequest(null, Object(Config\Cache), false)
 4 SYSTEMPATH/Boot.php(334): CodeIgniter\CodeIgniter->run()
 5 SYSTEMPATH/Boot.php(67): CodeIgniter\Boot::runCodeIgniter(Object(CodeIgniter\CodeIgniter))
 6 FCPATH/index.php(75): CodeIgniter\Boot::bootWeb(Object(Config\Paths))
WARNING - 2026-03-24 11:14:11 --> [DEPRECATED] Creation of dynamic property ProjectAnalizer\Controllers\ProjectAnalizer::$Checklist_items_model is deprecated in FCPATH/plugins/ProjectAnalizer/Controllers/ProjectAnalizer.php on line 18.
 1 SYSTEMPATH/CodeIgniter.php(903): ProjectAnalizer\Controllers\ProjectAnalizer->__construct()
 2 SYSTEMPATH/CodeIgniter.php(498): CodeIgniter\CodeIgniter->createController()
 3 SYSTEMPATH/CodeIgniter.php(354): CodeIgniter\CodeIgniter->handleRequest(null, Object(Config\Cache), false)
 4 SYSTEMPATH/Boot.php(334): CodeIgniter\CodeIgniter->run()
 5 SYSTEMPATH/Boot.php(67): CodeIgniter\Boot::runCodeIgniter(Object(CodeIgniter\CodeIgniter))
 6 FCPATH/index.php(75): CodeIgniter\Boot::bootWeb(Object(Config\Paths))
WARNING - 2026-03-24 11:14:11 --> [DEPRECATED] Creation of dynamic property ProjectAnalizer\Controllers\ProjectAnalizer::$Pin_comments_model is deprecated in FCPATH/plugins/ProjectAnalizer/Controllers/ProjectAnalizer.php on line 19.
 1 SYSTEMPATH/CodeIgniter.php(903): ProjectAnalizer\Controllers\ProjectAnalizer->__construct()
 2 SYSTEMPATH/CodeIgniter.php(498): CodeIgniter\CodeIgniter->createController()
 3 SYSTEMPATH/CodeIgniter.php(354): CodeIgniter\CodeIgniter->handleRequest(null, Object(Config\Cache), false)
 4 SYSTEMPATH/Boot.php(334): CodeIgniter\CodeIgniter->run()
 5 SYSTEMPATH/Boot.php(67): CodeIgniter\Boot::runCodeIgniter(Object(CodeIgniter\CodeIgniter))
 6 FCPATH/index.php(75): CodeIgniter\Boot::bootWeb(Object(Config\Paths))
WARNING - 2026-03-24 11:14:31 --> [DEPRECATED] Creation of dynamic property OrdemServico\Controllers\OrdemServico::$OrdemServico_model is deprecated in FCPATH/plugins/OrdemServico/Controllers/OrdemServico.php on line 13.
 1 SYSTEMPATH/CodeIgniter.php(903): OrdemServico\Controllers\OrdemServico->__construct()
 2 SYSTEMPATH/CodeIgniter.php(498): CodeIgniter\CodeIgniter->createController()
 3 SYSTEMPATH/CodeIgniter.php(354): CodeIgniter\CodeIgniter->handleRequest(null, Object(Config\Cache), false)
 4 SYSTEMPATH/Boot.php(334): CodeIgniter\CodeIgniter->run()
 5 SYSTEMPATH/Boot.php(67): CodeIgniter\Boot::runCodeIgniter(Object(CodeIgniter\CodeIgniter))
 6 FCPATH/index.php(75): CodeIgniter\Boot::bootWeb(Object(Config\Paths))
WARNING - 2026-03-24 11:14:32 --> [DEPRECATED] Creation of dynamic property OrdemServico\Controllers\OrdemServico::$OrdemServico_model is deprecated in FCPATH/plugins/OrdemServico/Controllers/OrdemServico.php on line 13.
 1 SYSTEMPATH/CodeIgniter.php(903): OrdemServico\Controllers\OrdemServico->__construct()
 2 SYSTEMPATH/CodeIgniter.php(498): CodeIgniter\CodeIgniter->createController()
 3 SYSTEMPATH/CodeIgniter.php(354): CodeIgniter\CodeIgniter->handleRequest(null, Object(Config\Cache), false)
 4 SYSTEMPATH/Boot.php(334): CodeIgniter\CodeIgniter->run()
 5 SYSTEMPATH/Boot.php(67): CodeIgniter\Boot::runCodeIgniter(Object(CodeIgniter\CodeIgniter))
 6 FCPATH/index.php(75): CodeIgniter\Boot::bootWeb(Object(Config\Paths))
WARNING - 2026-03-24 11:14:32 --> [DEPRECATED] Creation of dynamic property OrdemServico\Controllers\OrdemServico::$OrdemServico_model is deprecated in FCPATH/plugins/OrdemServico/Controllers/OrdemServico.php on line 13.
 1 SYSTEMPATH/CodeIgniter.php(903): OrdemServico\Controllers\OrdemServico->__construct()
 2 SYSTEMPATH/CodeIgniter.php(498): CodeIgniter\CodeIgniter->createController()
 3 SYSTEMPATH/CodeIgniter.php(354): CodeIgniter\CodeIgniter->handleRequest(null, Object(Config\Cache), false)
 4 SYSTEMPATH/Boot.php(334): CodeIgniter\CodeIgniter->run()
 5 SYSTEMPATH/Boot.php(67): CodeIgniter\Boot::runCodeIgniter(Object(CodeIgniter\CodeIgniter))
 6 FCPATH/index.php(75): CodeIgniter\Boot::bootWeb(Object(Config\Paths))
WARNING - 2026-03-24 11:14:32 --> [DEPRECATED] Creation of dynamic property OrdemServico\Controllers\OrdemServico::$OrdemServico_model is deprecated in FCPATH/plugins/OrdemServico/Controllers/OrdemServico.php on line 13.
 1 SYSTEMPATH/CodeIgniter.php(903): OrdemServico\Controllers\OrdemServico->__construct()
 2 SYSTEMPATH/CodeIgniter.php(498): CodeIgniter\CodeIgniter->createController()
 3 SYSTEMPATH/CodeIgniter.php(354): CodeIgniter\CodeIgniter->handleRequest(null, Object(Config\Cache), false)
 4 SYSTEMPATH/Boot.php(334): CodeIgniter\CodeIgniter->run()
 5 SYSTEMPATH/Boot.php(67): CodeIgniter\Boot::runCodeIgniter(Object(CodeIgniter\CodeIgniter))
 6 FCPATH/index.php(75): CodeIgniter\Boot::bootWeb(Object(Config\Paths))
ERROR - 2026-03-24 11:16:20 --> ContaAzul cost center create: token refresh failed for project 18 - {"error":"invalid_grant"}
WARNING - 2026-03-24 11:16:37 --> [DEPRECATED] Creation of dynamic property ProjectAnalizer\Controllers\ProjectAnalizer::$Project_settings_model is deprecated in FCPATH/plugins/ProjectAnalizer/Controllers/ProjectAnalizer.php on line 16.
 1 SYSTEMPATH/CodeIgniter.php(903): ProjectAnalizer\Controllers\ProjectAnalizer->__construct()
 2 SYSTEMPATH/CodeIgniter.php(498): CodeIgniter\CodeIgniter->createController()
 3 SYSTEMPATH/CodeIgniter.php(354): CodeIgniter\CodeIgniter->handleRequest(null, Object(Config\Cache), false)
 4 SYSTEMPATH/Boot.php(334): CodeIgniter\CodeIgniter->run()
 5 SYSTEMPATH/Boot.php(67): CodeIgniter\Boot::runCodeIgniter(Object(CodeIgniter\CodeIgniter))
 6 FCPATH/index.php(75): CodeIgniter\Boot::bootWeb(Object(Config\Paths))
WARNING - 2026-03-24 11:16:37 --> [DEPRECATED] Creation of dynamic property ProjectAnalizer\Controllers\ProjectAnalizer::$Task_priority_model is deprecated in FCPATH/plugins/ProjectAnalizer/Controllers/ProjectAnalizer.php on line 17.
 1 SYSTEMPATH/CodeIgniter.php(903): ProjectAnalizer\Controllers\ProjectAnalizer->__construct()
 2 SYSTEMPATH/CodeIgniter.php(498): CodeIgniter\CodeIgniter->createController()
 3 SYSTEMPATH/CodeIgniter.php(354): CodeIgniter\CodeIgniter->handleRequest(null, Object(Config\Cache), false)
 4 SYSTEMPATH/Boot.php(334): CodeIgniter\CodeIgniter->run()
 5 SYSTEMPATH/Boot.php(67): CodeIgniter\Boot::runCodeIgniter(Object(CodeIgniter\CodeIgniter))
 6 FCPATH/index.php(75): CodeIgniter\Boot::bootWeb(Object(Config\Paths))
WARNING - 2026-03-24 11:16:37 --> [DEPRECATED] Creation of dynamic property ProjectAnalizer\Controllers\ProjectAnalizer::$Checklist_items_model is deprecated in FCPATH/plugins/ProjectAnalizer/Controllers/ProjectAnalizer.php on line 18.
 1 SYSTEMPATH/CodeIgniter.php(903): ProjectAnalizer\Controllers\ProjectAnalizer->__construct()
 2 SYSTEMPATH/CodeIgniter.php(498): CodeIgniter\CodeIgniter->createController()
 3 SYSTEMPATH/CodeIgniter.php(354): CodeIgniter\CodeIgniter->handleRequest(null, Object(Config\Cache), false)
 4 SYSTEMPATH/Boot.php(334): CodeIgniter\CodeIgniter->run()
 5 SYSTEMPATH/Boot.php(67): CodeIgniter\Boot::runCodeIgniter(Object(CodeIgniter\CodeIgniter))
 6 FCPATH/index.php(75): CodeIgniter\Boot::bootWeb(Object(Config\Paths))
WARNING - 2026-03-24 11:16:37 --> [DEPRECATED] Creation of dynamic property ProjectAnalizer\Controllers\ProjectAnalizer::$Pin_comments_model is deprecated in FCPATH/plugins/ProjectAnalizer/Controllers/ProjectAnalizer.php on line 19.
 1 SYSTEMPATH/CodeIgniter.php(903): ProjectAnalizer\Controllers\ProjectAnalizer->__construct()
 2 SYSTEMPATH/CodeIgniter.php(498): CodeIgniter\CodeIgniter->createController()
 3 SYSTEMPATH/CodeIgniter.php(354): CodeIgniter\CodeIgniter->handleRequest(null, Object(Config\Cache), false)
 4 SYSTEMPATH/Boot.php(334): CodeIgniter\CodeIgniter->run()
 5 SYSTEMPATH/Boot.php(67): CodeIgniter\Boot::runCodeIgniter(Object(CodeIgniter\CodeIgniter))
 6 FCPATH/index.php(75): CodeIgniter\Boot::bootWeb(Object(Config\Paths))
WARNING - 2026-03-24 11:18:00 --> [DEPRECATED] Creation of dynamic property ProjectAnalizer\Controllers\ProjectAnalizer::$Project_settings_model is deprecated in FCPATH/plugins/ProjectAnalizer/Controllers/ProjectAnalizer.php on line 16.
 1 SYSTEMPATH/CodeIgniter.php(903): ProjectAnalizer\Controllers\ProjectAnalizer->__construct()
 2 SYSTEMPATH/CodeIgniter.php(498): CodeIgniter\CodeIgniter->createController()
 3 SYSTEMPATH/CodeIgniter.php(354): CodeIgniter\CodeIgniter->handleRequest(null, Object(Config\Cache), false)
 4 SYSTEMPATH/Boot.php(334): CodeIgniter\CodeIgniter->run()
 5 SYSTEMPATH/Boot.php(67): CodeIgniter\Boot::runCodeIgniter(Object(CodeIgniter\CodeIgniter))
 6 FCPATH/index.php(75): CodeIgniter\Boot::bootWeb(Object(Config\Paths))
WARNING - 2026-03-24 11:18:00 --> [DEPRECATED] Creation of dynamic property ProjectAnalizer\Controllers\ProjectAnalizer::$Task_priority_model is deprecated in FCPATH/plugins/ProjectAnalizer/Controllers/ProjectAnalizer.php on line 17.
 1 SYSTEMPATH/CodeIgniter.php(903): ProjectAnalizer\Controllers\ProjectAnalizer->__construct()
 2 SYSTEMPATH/CodeIgniter.php(498): CodeIgniter\CodeIgniter->createController()
 3 SYSTEMPATH/CodeIgniter.php(354): CodeIgniter\CodeIgniter->handleRequest(null, Object(Config\Cache), false)
 4 SYSTEMPATH/Boot.php(334): CodeIgniter\CodeIgniter->run()
 5 SYSTEMPATH/Boot.php(67): CodeIgniter\Boot::runCodeIgniter(Object(CodeIgniter\CodeIgniter))
 6 FCPATH/index.php(75): CodeIgniter\Boot::bootWeb(Object(Config\Paths))
WARNING - 2026-03-24 11:18:00 --> [DEPRECATED] Creation of dynamic property ProjectAnalizer\Controllers\ProjectAnalizer::$Checklist_items_model is deprecated in FCPATH/plugins/ProjectAnalizer/Controllers/ProjectAnalizer.php on line 18.
 1 SYSTEMPATH/CodeIgniter.php(903): ProjectAnalizer\Controllers\ProjectAnalizer->__construct()
 2 SYSTEMPATH/CodeIgniter.php(498): CodeIgniter\CodeIgniter->createController()
 3 SYSTEMPATH/CodeIgniter.php(354): CodeIgniter\CodeIgniter->handleRequest(null, Object(Config\Cache), false)
 4 SYSTEMPATH/Boot.php(334): CodeIgniter\CodeIgniter->run()
 5 SYSTEMPATH/Boot.php(67): CodeIgniter\Boot::runCodeIgniter(Object(CodeIgniter\CodeIgniter))
 6 FCPATH/index.php(75): CodeIgniter\Boot::bootWeb(Object(Config\Paths))
WARNING - 2026-03-24 11:18:00 --> [DEPRECATED] Creation of dynamic property ProjectAnalizer\Controllers\ProjectAnalizer::$Pin_comments_model is deprecated in FCPATH/plugins/ProjectAnalizer/Controllers/ProjectAnalizer.php on line 19.
 1 SYSTEMPATH/CodeIgniter.php(903): ProjectAnalizer\Controllers\ProjectAnalizer->__construct()
 2 SYSTEMPATH/CodeIgniter.php(498): CodeIgniter\CodeIgniter->createController()
 3 SYSTEMPATH/CodeIgniter.php(354): CodeIgniter\CodeIgniter->handleRequest(null, Object(Config\Cache), false)
 4 SYSTEMPATH/Boot.php(334): CodeIgniter\CodeIgniter->run()
 5 SYSTEMPATH/Boot.php(67): CodeIgniter\Boot::runCodeIgniter(Object(CodeIgniter\CodeIgniter))
 6 FCPATH/index.php(75): CodeIgniter\Boot::bootWeb(Object(Config\Paths))
WARNING - 2026-03-24 11:18:10 --> [DEPRECATED] Creation of dynamic property ProjectAnalizer\Controllers\ProjectAnalizer::$Project_settings_model is deprecated in FCPATH/plugins/ProjectAnalizer/Controllers/ProjectAnalizer.php on line 16.
 1 SYSTEMPATH/CodeIgniter.php(903): ProjectAnalizer\Controllers\ProjectAnalizer->__construct()
 2 SYSTEMPATH/CodeIgniter.php(498): CodeIgniter\CodeIgniter->createController()
 3 SYSTEMPATH/CodeIgniter.php(354): CodeIgniter\CodeIgniter->handleRequest(null, Object(Config\Cache), false)
 4 SYSTEMPATH/Boot.php(334): CodeIgniter\CodeIgniter->run()
 5 SYSTEMPATH/Boot.php(67): CodeIgniter\Boot::runCodeIgniter(Object(CodeIgniter\CodeIgniter))
 6 FCPATH/index.php(75): CodeIgniter\Boot::bootWeb(Object(Config\Paths))
WARNING - 2026-03-24 11:18:10 --> [DEPRECATED] Creation of dynamic property ProjectAnalizer\Controllers\ProjectAnalizer::$Task_priority_model is deprecated in FCPATH/plugins/ProjectAnalizer/Controllers/ProjectAnalizer.php on line 17.
 1 SYSTEMPATH/CodeIgniter.php(903): ProjectAnalizer\Controllers\ProjectAnalizer->__construct()
 2 SYSTEMPATH/CodeIgniter.php(498): CodeIgniter\CodeIgniter->createController()
 3 SYSTEMPATH/CodeIgniter.php(354): CodeIgniter\CodeIgniter->handleRequest(null, Object(Config\Cache), false)
 4 SYSTEMPATH/Boot.php(334): CodeIgniter\CodeIgniter->run()
 5 SYSTEMPATH/Boot.php(67): CodeIgniter\Boot::runCodeIgniter(Object(CodeIgniter\CodeIgniter))
 6 FCPATH/index.php(75): CodeIgniter\Boot::bootWeb(Object(Config\Paths))
WARNING - 2026-03-24 11:18:10 --> [DEPRECATED] Creation of dynamic property ProjectAnalizer\Controllers\ProjectAnalizer::$Checklist_items_model is deprecated in FCPATH/plugins/ProjectAnalizer/Controllers/ProjectAnalizer.php on line 18.
 1 SYSTEMPATH/CodeIgniter.php(903): ProjectAnalizer\Controllers\ProjectAnalizer->__construct()
 2 SYSTEMPATH/CodeIgniter.php(498): CodeIgniter\CodeIgniter->createController()
 3 SYSTEMPATH/CodeIgniter.php(354): CodeIgniter\CodeIgniter->handleRequest(null, Object(Config\Cache), false)
 4 SYSTEMPATH/Boot.php(334): CodeIgniter\CodeIgniter->run()
 5 SYSTEMPATH/Boot.php(67): CodeIgniter\Boot::runCodeIgniter(Object(CodeIgniter\CodeIgniter))
 6 FCPATH/index.php(75): CodeIgniter\Boot::bootWeb(Object(Config\Paths))
WARNING - 2026-03-24 11:18:10 --> [DEPRECATED] Creation of dynamic property ProjectAnalizer\Controllers\ProjectAnalizer::$Pin_comments_model is deprecated in FCPATH/plugins/ProjectAnalizer/Controllers/ProjectAnalizer.php on line 19.
 1 SYSTEMPATH/CodeIgniter.php(903): ProjectAnalizer\Controllers\ProjectAnalizer->__construct()
 2 SYSTEMPATH/CodeIgniter.php(498): CodeIgniter\CodeIgniter->createController()
 3 SYSTEMPATH/CodeIgniter.php(354): CodeIgniter\CodeIgniter->handleRequest(null, Object(Config\Cache), false)
 4 SYSTEMPATH/Boot.php(334): CodeIgniter\CodeIgniter->run()
 5 SYSTEMPATH/Boot.php(67): CodeIgniter\Boot::runCodeIgniter(Object(CodeIgniter\CodeIgniter))
 6 FCPATH/index.php(75): CodeIgniter\Boot::bootWeb(Object(Config\Paths))
WARNING - 2026-03-24 11:18:37 --> [DEPRECATED] Creation of dynamic property ProjectAnalizer\Controllers\ProjectAnalizer::$Project_settings_model is deprecated in FCPATH/plugins/ProjectAnalizer/Controllers/ProjectAnalizer.php on line 16.
 1 SYSTEMPATH/CodeIgniter.php(903): ProjectAnalizer\Controllers\ProjectAnalizer->__construct()
 2 SYSTEMPATH/CodeIgniter.php(498): CodeIgniter\CodeIgniter->createController()
 3 SYSTEMPATH/CodeIgniter.php(354): CodeIgniter\CodeIgniter->handleRequest(null, Object(Config\Cache), false)
 4 SYSTEMPATH/Boot.php(334): CodeIgniter\CodeIgniter->run()
 5 SYSTEMPATH/Boot.php(67): CodeIgniter\Boot::runCodeIgniter(Object(CodeIgniter\CodeIgniter))
 6 FCPATH/index.php(75): CodeIgniter\Boot::bootWeb(Object(Config\Paths))
WARNING - 2026-03-24 11:18:37 --> [DEPRECATED] Creation of dynamic property ProjectAnalizer\Controllers\ProjectAnalizer::$Task_priority_model is deprecated in FCPATH/plugins/ProjectAnalizer/Controllers/ProjectAnalizer.php on line 17.
 1 SYSTEMPATH/CodeIgniter.php(903): ProjectAnalizer\Controllers\ProjectAnalizer->__construct()
 2 SYSTEMPATH/CodeIgniter.php(498): CodeIgniter\CodeIgniter->createController()
 3 SYSTEMPATH/CodeIgniter.php(354): CodeIgniter\CodeIgniter->handleRequest(null, Object(Config\Cache), false)
 4 SYSTEMPATH/Boot.php(334): CodeIgniter\CodeIgniter->run()
 5 SYSTEMPATH/Boot.php(67): CodeIgniter\Boot::runCodeIgniter(Object(CodeIgniter\CodeIgniter))
 6 FCPATH/index.php(75): CodeIgniter\Boot::bootWeb(Object(Config\Paths))
WARNING - 2026-03-24 11:18:37 --> [DEPRECATED] Creation of dynamic property ProjectAnalizer\Controllers\ProjectAnalizer::$Checklist_items_model is deprecated in FCPATH/plugins/ProjectAnalizer/Controllers/ProjectAnalizer.php on line 18.
 1 SYSTEMPATH/CodeIgniter.php(903): ProjectAnalizer\Controllers\ProjectAnalizer->__construct()
 2 SYSTEMPATH/CodeIgniter.php(498): CodeIgniter\CodeIgniter->createController()
 3 SYSTEMPATH/CodeIgniter.php(354): CodeIgniter\CodeIgniter->handleRequest(null, Object(Config\Cache), false)
 4 SYSTEMPATH/Boot.php(334): CodeIgniter\CodeIgniter->run()
 5 SYSTEMPATH/Boot.php(67): CodeIgniter\Boot::runCodeIgniter(Object(CodeIgniter\CodeIgniter))
 6 FCPATH/index.php(75): CodeIgniter\Boot::bootWeb(Object(Config\Paths))
WARNING - 2026-03-24 11:18:37 --> [DEPRECATED] Creation of dynamic property ProjectAnalizer\Controllers\ProjectAnalizer::$Pin_comments_model is deprecated in FCPATH/plugins/ProjectAnalizer/Controllers/ProjectAnalizer.php on line 19.
 1 SYSTEMPATH/CodeIgniter.php(903): ProjectAnalizer\Controllers\ProjectAnalizer->__construct()
 2 SYSTEMPATH/CodeIgniter.php(498): CodeIgniter\CodeIgniter->createController()
 3 SYSTEMPATH/CodeIgniter.php(354): CodeIgniter\CodeIgniter->handleRequest(null, Object(Config\Cache), false)
 4 SYSTEMPATH/Boot.php(334): CodeIgniter\CodeIgniter->run()
 5 SYSTEMPATH/Boot.php(67): CodeIgniter\Boot::runCodeIgniter(Object(CodeIgniter\CodeIgniter))
 6 FCPATH/index.php(75): CodeIgniter\Boot::bootWeb(Object(Config\Paths))
WARNING - 2026-03-24 13:57:02 --> [DEPRECATED] Creation of dynamic property ProjectAnalizer\Controllers\ProjectAnalizer::$Project_settings_model is deprecated in FCPATH/plugins/ProjectAnalizer/Controllers/ProjectAnalizer.php on line 16.
 1 SYSTEMPATH/CodeIgniter.php(903): ProjectAnalizer\Controllers\ProjectAnalizer->__construct()
 2 SYSTEMPATH/CodeIgniter.php(498): CodeIgniter\CodeIgniter->createController()
 3 SYSTEMPATH/CodeIgniter.php(354): CodeIgniter\CodeIgniter->handleRequest(null, Object(Config\Cache), false)
 4 SYSTEMPATH/Boot.php(334): CodeIgniter\CodeIgniter->run()
 5 SYSTEMPATH/Boot.php(67): CodeIgniter\Boot::runCodeIgniter(Object(CodeIgniter\CodeIgniter))
 6 FCPATH/index.php(75): CodeIgniter\Boot::bootWeb(Object(Config\Paths))
WARNING - 2026-03-24 13:57:02 --> [DEPRECATED] Creation of dynamic property ProjectAnalizer\Controllers\ProjectAnalizer::$Task_priority_model is deprecated in FCPATH/plugins/ProjectAnalizer/Controllers/ProjectAnalizer.php on line 17.
 1 SYSTEMPATH/CodeIgniter.php(903): ProjectAnalizer\Controllers\ProjectAnalizer->__construct()
 2 SYSTEMPATH/CodeIgniter.php(498): CodeIgniter\CodeIgniter->createController()
 3 SYSTEMPATH/CodeIgniter.php(354): CodeIgniter\CodeIgniter->handleRequest(null, Object(Config\Cache), false)
 4 SYSTEMPATH/Boot.php(334): CodeIgniter\CodeIgniter->run()
 5 SYSTEMPATH/Boot.php(67): CodeIgniter\Boot::runCodeIgniter(Object(CodeIgniter\CodeIgniter))
 6 FCPATH/index.php(75): CodeIgniter\Boot::bootWeb(Object(Config\Paths))
WARNING - 2026-03-24 13:57:02 --> [DEPRECATED] Creation of dynamic property ProjectAnalizer\Controllers\ProjectAnalizer::$Checklist_items_model is deprecated in FCPATH/plugins/ProjectAnalizer/Controllers/ProjectAnalizer.php on line 18.
 1 SYSTEMPATH/CodeIgniter.php(903): ProjectAnalizer\Controllers\ProjectAnalizer->__construct()
 2 SYSTEMPATH/CodeIgniter.php(498): CodeIgniter\CodeIgniter->createController()
 3 SYSTEMPATH/CodeIgniter.php(354): CodeIgniter\CodeIgniter->handleRequest(null, Object(Config\Cache), false)
 4 SYSTEMPATH/Boot.php(334): CodeIgniter\CodeIgniter->run()
 5 SYSTEMPATH/Boot.php(67): CodeIgniter\Boot::runCodeIgniter(Object(CodeIgniter\CodeIgniter))
 6 FCPATH/index.php(75): CodeIgniter\Boot::bootWeb(Object(Config\Paths))
WARNING - 2026-03-24 13:57:02 --> [DEPRECATED] Creation of dynamic property ProjectAnalizer\Controllers\ProjectAnalizer::$Pin_comments_model is deprecated in FCPATH/plugins/ProjectAnalizer/Controllers/ProjectAnalizer.php on line 19.
 1 SYSTEMPATH/CodeIgniter.php(903): ProjectAnalizer\Controllers\ProjectAnalizer->__construct()
 2 SYSTEMPATH/CodeIgniter.php(498): CodeIgniter\CodeIgniter->createController()
 3 SYSTEMPATH/CodeIgniter.php(354): CodeIgniter\CodeIgniter->handleRequest(null, Object(Config\Cache), false)
 4 SYSTEMPATH/Boot.php(334): CodeIgniter\CodeIgniter->run()
 5 SYSTEMPATH/Boot.php(67): CodeIgniter\Boot::runCodeIgniter(Object(CodeIgniter\CodeIgniter))
 6 FCPATH/index.php(75): CodeIgniter\Boot::bootWeb(Object(Config\Paths))
